<?xml version="1.0" encoding="UTF-8"?>
<testng-results skipped="0" failed="0" total="1" passed="1">
  <reporter-output>
  </reporter-output>
  <suite name="Suite" duration-ms="13920" started-at="2019-07-09T13:32:34Z" finished-at="2019-07-09T13:32:48Z">
    <groups>
    </groups>
    <test name="Test" duration-ms="13920" started-at="2019-07-09T13:32:34Z" finished-at="2019-07-09T13:32:48Z">
      <class name="testcases.Logintest">
        <test-method status="PASS" signature="getDriver()[pri:0, instance:testcases.Logintest@13969fbe]" name="getDriver" is-config="true" duration-ms="10322" started-at="2019-07-09T19:02:34Z" finished-at="2019-07-09T19:02:44Z">
          <reporter-output>
          </reporter-output>
        </test-method> <!-- getDriver -->
        <test-method status="PASS" signature="testlogin()[pri:0, instance:testcases.Logintest@13969fbe]" name="testlogin" duration-ms="3185" started-at="2019-07-09T19:02:44Z" finished-at="2019-07-09T19:02:47Z">
          <reporter-output>
          </reporter-output>
        </test-method> <!-- testlogin -->
        <test-method status="PASS" signature="teardown()[pri:0, instance:testcases.Logintest@13969fbe]" name="teardown" is-config="true" duration-ms="406" started-at="2019-07-09T19:02:47Z" finished-at="2019-07-09T19:02:48Z">
          <reporter-output>
          </reporter-output>
        </test-method> <!-- teardown -->
      </class> <!-- testcases.Logintest -->
    </test> <!-- Test -->
  </suite> <!-- Suite -->
</testng-results>
