<?xml version="1.0" encoding="UTF-8"?>
<testng-results skipped="0" failed="0" total="1" passed="1">
  <reporter-output>
  </reporter-output>
  <suite name="Suite" duration-ms="18986" started-at="2019-07-09T09:29:18Z" finished-at="2019-07-09T09:29:37Z">
    <groups>
    </groups>
    <test name="Test" duration-ms="18986" started-at="2019-07-09T09:29:18Z" finished-at="2019-07-09T09:29:37Z">
      <class name="testcases.Logintest">
        <test-method status="PASS" signature="getDriver()[pri:0, instance:testcases.Logintest@13969fbe]" name="getDriver" is-config="true" duration-ms="13896" started-at="2019-07-09T14:59:18Z" finished-at="2019-07-09T14:59:32Z">
          <reporter-output>
          </reporter-output>
        </test-method> <!-- getDriver -->
        <test-method status="PASS" signature="testlogin()[pri:0, instance:testcases.Logintest@13969fbe]" name="testlogin" duration-ms="3168" started-at="2019-07-09T14:59:32Z" finished-at="2019-07-09T14:59:35Z">
          <reporter-output>
          </reporter-output>
        </test-method> <!-- testlogin -->
        <test-method status="PASS" signature="teardown()[pri:0, instance:testcases.Logintest@13969fbe]" name="teardown" is-config="true" duration-ms="1912" started-at="2019-07-09T14:59:35Z" finished-at="2019-07-09T14:59:37Z">
          <reporter-output>
          </reporter-output>
        </test-method> <!-- teardown -->
      </class> <!-- testcases.Logintest -->
    </test> <!-- Test -->
  </suite> <!-- Suite -->
</testng-results>
