<?xml version="1.0" encoding="UTF-8"?>
<testng-results skipped="0" failed="0" total="1" passed="1">
  <reporter-output>
  </reporter-output>
  <suite name="Default suite" duration-ms="24813" started-at="2019-07-08T09:38:33Z" finished-at="2019-07-08T09:38:58Z">
    <groups>
    </groups>
    <test name="Default test" duration-ms="24813" started-at="2019-07-08T09:38:33Z" finished-at="2019-07-08T09:38:58Z">
      <class name="testcases.Logintest">
        <test-method status="PASS" signature="getDriver()[pri:0, instance:testcases.Logintest@51081592]" name="getDriver" is-config="true" duration-ms="21113" started-at="2019-07-08T15:08:33Z" finished-at="2019-07-08T15:08:54Z">
          <reporter-output>
          </reporter-output>
        </test-method> <!-- getDriver -->
        <test-method status="PASS" signature="testlogin()[pri:0, instance:testcases.Logintest@51081592]" name="testlogin" duration-ms="3685" started-at="2019-07-08T15:08:54Z" finished-at="2019-07-08T15:08:58Z">
          <reporter-output>
          </reporter-output>
        </test-method> <!-- testlogin -->
      </class> <!-- testcases.Logintest -->
    </test> <!-- Default test -->
  </suite> <!-- Default suite -->
</testng-results>
